y:\projects\visualstudio\invaders phase 4 (mod)\debug\hellhound.pdb
y:\projects\visualstudio\invaders phase 4 (mod)\invaders phase 4\debug\star.obj
y:\projects\visualstudio\invaders phase 4 (mod)\invaders phase 4\debug\main.obj
y:\projects\visualstudio\invaders phase 4 (mod)\invaders phase 4\debug\spritesheet.obj
y:\projects\visualstudio\invaders phase 4 (mod)\invaders phase 4\debug\object_text.obj
y:\projects\visualstudio\invaders phase 4 (mod)\invaders phase 4\debug\object_player.obj
y:\projects\visualstudio\invaders phase 4 (mod)\invaders phase 4\debug\object_mobile.obj
y:\projects\visualstudio\invaders phase 4 (mod)\invaders phase 4\debug\object_game.obj
y:\projects\visualstudio\invaders phase 4 (mod)\invaders phase 4\debug\object_explosion.obj
y:\projects\visualstudio\invaders phase 4 (mod)\invaders phase 4\debug\object_enemy.obj
y:\projects\visualstudio\invaders phase 4 (mod)\invaders phase 4\debug\object_bullets_playerlaser.obj
y:\projects\visualstudio\invaders phase 4 (mod)\invaders phase 4\debug\object_bullets_player.obj
y:\projects\visualstudio\invaders phase 4 (mod)\invaders phase 4\debug\object_bullets_enemy.obj
y:\projects\visualstudio\invaders phase 4 (mod)\invaders phase 4\debug\object_bullets.obj
y:\projects\visualstudio\invaders phase 4 (mod)\invaders phase 4\debug\object_bomb_player.obj
y:\projects\visualstudio\invaders phase 4 (mod)\invaders phase 4\debug\level_main.obj
y:\projects\visualstudio\invaders phase 4 (mod)\invaders phase 4\debug\level_loading.obj
y:\projects\visualstudio\invaders phase 4 (mod)\invaders phase 4\debug\level_game.obj
y:\projects\visualstudio\invaders phase 4 (mod)\invaders phase 4\debug\graphics.obj
y:\projects\visualstudio\invaders phase 4 (mod)\invaders phase 4\debug\gamecontroller.obj
y:\projects\visualstudio\invaders phase 4 (mod)\invaders phase 4\debug\starfield.obj
y:\projects\visualstudio\invaders phase 4 (mod)\invaders phase 4\debug\vc142.pdb
y:\projects\visualstudio\invaders phase 4 (mod)\invaders phase 4\debug\vc142.idb
y:\projects\visualstudio\invaders phase 4 (mod)\debug\hellhound.exe
y:\projects\visualstudio\invaders phase 4 (mod)\debug\hellhound.ilk
y:\projects\visualstudio\invaders phase 4 (mod)\invaders phase 4\debug\hellhound.tlog\link.write.1.tlog
y:\projects\visualstudio\invaders phase 4 (mod)\invaders phase 4\debug\hellhound.tlog\link.command.1.tlog
y:\projects\visualstudio\invaders phase 4 (mod)\invaders phase 4\debug\hellhound.tlog\cl.write.1.tlog
y:\projects\visualstudio\invaders phase 4 (mod)\invaders phase 4\debug\hellhound.tlog\cl.read.1.tlog
y:\projects\visualstudio\invaders phase 4 (mod)\invaders phase 4\debug\hellhound.tlog\cl.command.1.tlog
y:\projects\visualstudio\invaders phase 4 (mod)\invaders phase 4\debug\hellhound.tlog\link.read.1.tlog
