c:\users\scottkast\documents\classes\cs161\new space invaders\invaders phase 4\invaders phase 4\debug\vc142.pdb
c:\users\scottkast\documents\classes\cs161\new space invaders\invaders phase 4\invaders phase 4\debug\vc142.idb
c:\users\scottkast\documents\classes\cs161\new space invaders\invaders phase 4\invaders phase 4\debug\spritesheet.obj
c:\users\scottkast\documents\classes\cs161\new space invaders\invaders phase 4\invaders phase 4\debug\object_ufo.obj
c:\users\scottkast\documents\classes\cs161\new space invaders\invaders phase 4\invaders phase 4\debug\object_text.obj
c:\users\scottkast\documents\classes\cs161\new space invaders\invaders phase 4\invaders phase 4\debug\object_player.obj
c:\users\scottkast\documents\classes\cs161\new space invaders\invaders phase 4\invaders phase 4\debug\object_mobile.obj
c:\users\scottkast\documents\classes\cs161\new space invaders\invaders phase 4\invaders phase 4\debug\object_game.obj
c:\users\scottkast\documents\classes\cs161\new space invaders\invaders phase 4\invaders phase 4\debug\object_explosion.obj
c:\users\scottkast\documents\classes\cs161\new space invaders\invaders phase 4\invaders phase 4\debug\object_enemy.obj
c:\users\scottkast\documents\classes\cs161\new space invaders\invaders phase 4\invaders phase 4\debug\object_bullets_player.obj
c:\users\scottkast\documents\classes\cs161\new space invaders\invaders phase 4\invaders phase 4\debug\object_bullets.obj
c:\users\scottkast\documents\classes\cs161\new space invaders\invaders phase 4\invaders phase 4\debug\object_block.obj
c:\users\scottkast\documents\classes\cs161\new space invaders\invaders phase 4\invaders phase 4\debug\main.obj
c:\users\scottkast\documents\classes\cs161\new space invaders\invaders phase 4\invaders phase 4\debug\level_main.obj
c:\users\scottkast\documents\classes\cs161\new space invaders\invaders phase 4\invaders phase 4\debug\level_loading.obj
c:\users\scottkast\documents\classes\cs161\new space invaders\invaders phase 4\invaders phase 4\debug\level_game.obj
c:\users\scottkast\documents\classes\cs161\new space invaders\invaders phase 4\invaders phase 4\debug\graphics.obj
c:\users\scottkast\documents\classes\cs161\new space invaders\invaders phase 4\invaders phase 4\debug\gamecontroller.obj
c:\users\scottkast\documents\classes\cs161\new space invaders\invaders phase 4\debug\invaders phase 4.exe
c:\users\scottkast\documents\classes\cs161\new space invaders\invaders phase 4\debug\invaders phase 4.ilk
c:\users\scottkast\documents\classes\cs161\new space invaders\invaders phase 4\debug\invaders phase 4.pdb
c:\users\scottkast\documents\classes\cs161\new space invaders\invaders phase 4\invaders phase 4\debug\invaders phase 4.tlog\cl.command.1.tlog
c:\users\scottkast\documents\classes\cs161\new space invaders\invaders phase 4\invaders phase 4\debug\invaders phase 4.tlog\cl.read.1.tlog
c:\users\scottkast\documents\classes\cs161\new space invaders\invaders phase 4\invaders phase 4\debug\invaders phase 4.tlog\cl.write.1.tlog
c:\users\scottkast\documents\classes\cs161\new space invaders\invaders phase 4\invaders phase 4\debug\invaders phase 4.tlog\link.command.1.tlog
c:\users\scottkast\documents\classes\cs161\new space invaders\invaders phase 4\invaders phase 4\debug\invaders phase 4.tlog\link.read.1.tlog
c:\users\scottkast\documents\classes\cs161\new space invaders\invaders phase 4\invaders phase 4\debug\invaders phase 4.tlog\link.write.1.tlog
