y:\projects\visualstudio\hellhound_alpha\release\hellhound.pdb
y:\projects\visualstudio\hellhound_alpha\invaders phase 4\release\vc142.pdb
y:\projects\visualstudio\hellhound_alpha\invaders phase 4\release\star.obj
y:\projects\visualstudio\hellhound_alpha\invaders phase 4\release\spritesheet.obj
y:\projects\visualstudio\hellhound_alpha\invaders phase 4\release\object_text.obj
y:\projects\visualstudio\hellhound_alpha\invaders phase 4\release\object_player.obj
y:\projects\visualstudio\hellhound_alpha\invaders phase 4\release\object_mobile.obj
y:\projects\visualstudio\hellhound_alpha\invaders phase 4\release\object_game.obj
y:\projects\visualstudio\hellhound_alpha\invaders phase 4\release\object_explosion.obj
y:\projects\visualstudio\hellhound_alpha\invaders phase 4\release\object_enemy.obj
y:\projects\visualstudio\hellhound_alpha\invaders phase 4\release\object_bullets_playerlaser.obj
y:\projects\visualstudio\hellhound_alpha\invaders phase 4\release\object_bullets_player.obj
y:\projects\visualstudio\hellhound_alpha\invaders phase 4\release\object_bullets_enemy.obj
y:\projects\visualstudio\hellhound_alpha\invaders phase 4\release\object_bullets.obj
y:\projects\visualstudio\hellhound_alpha\invaders phase 4\release\object_bomb_player.obj
y:\projects\visualstudio\hellhound_alpha\invaders phase 4\release\main.obj
y:\projects\visualstudio\hellhound_alpha\invaders phase 4\release\level_main.obj
y:\projects\visualstudio\hellhound_alpha\invaders phase 4\release\level_loading.obj
y:\projects\visualstudio\hellhound_alpha\invaders phase 4\release\level_game.obj
y:\projects\visualstudio\hellhound_alpha\invaders phase 4\release\graphics.obj
y:\projects\visualstudio\hellhound_alpha\invaders phase 4\release\gamecontroller.obj
y:\projects\visualstudio\hellhound_alpha\invaders phase 4\release\starfield.obj
y:\projects\visualstudio\hellhound_alpha\release\hellhound.ipdb
y:\projects\visualstudio\hellhound_alpha\release\hellhound.iobj
y:\projects\visualstudio\hellhound_alpha\invaders phase 4\release\hellhound.res
y:\projects\visualstudio\hellhound_alpha\release\hellhound.exe
y:\projects\visualstudio\hellhound_alpha\invaders phase 4\release\hellhound.tlog\link.write.1.tlog
y:\projects\visualstudio\hellhound_alpha\invaders phase 4\release\hellhound.tlog\link.command.1.tlog
y:\projects\visualstudio\hellhound_alpha\invaders phase 4\release\hellhound.tlog\rc.read.1.tlog
y:\projects\visualstudio\hellhound_alpha\invaders phase 4\release\hellhound.tlog\cl.write.1.tlog
y:\projects\visualstudio\hellhound_alpha\invaders phase 4\release\hellhound.tlog\cl.read.1.tlog
y:\projects\visualstudio\hellhound_alpha\invaders phase 4\release\hellhound.tlog\rc.write.1.tlog
y:\projects\visualstudio\hellhound_alpha\invaders phase 4\release\hellhound.tlog\hellhound.write.1u.tlog
y:\projects\visualstudio\hellhound_alpha\invaders phase 4\release\hellhound.tlog\cl.command.1.tlog
y:\projects\visualstudio\hellhound_alpha\invaders phase 4\release\hellhound.tlog\rc.command.1.tlog
y:\projects\visualstudio\hellhound_alpha\invaders phase 4\release\hellhound.tlog\link.read.1.tlog
